<?xml version="1.0" encoding="UTF-8"?>
<testng-results skipped="0" failed="0" total="1" passed="1">
  <reporter-output>
  </reporter-output>
  <suite name="Suite" duration-ms="13729" started-at="2017-05-15T06:35:14Z" finished-at="2017-05-15T06:35:28Z">
    <groups>
    </groups>
    <test name="Test" duration-ms="13729" started-at="2017-05-15T06:35:14Z" finished-at="2017-05-15T06:35:28Z">
      <class name="com.mechlin.controller.JenkinsTest">
        <test-method status="PASS" signature="testJenkins()[pri:0, instance:com.mechlin.controller.JenkinsTest@1443d8f]" name="testJenkins" duration-ms="13720" started-at="2017-05-15T12:05:14Z" finished-at="2017-05-15T12:05:28Z">
          <reporter-output>
          </reporter-output>
        </test-method> <!-- testJenkins -->
      </class> <!-- com.mechlin.controller.JenkinsTest -->
    </test> <!-- Test -->
  </suite> <!-- Suite -->
</testng-results>
